<?xml version="1.0" encoding="UTF-8"?>
<testng-results ignored="0" total="2" passed="2" failed="0" skipped="0">
  <reporter-output>
  </reporter-output>
  <suite started-at="2024-01-09T18:45:25 IST" name="Cross-Platform" finished-at="2024-01-09T18:45:59 IST" duration-ms="33463">
    <groups>
    </groups>
    <test started-at="2024-01-09T18:45:25 IST" name="BStackDemo-0" finished-at="2024-01-09T18:45:47 IST" duration-ms="21485">
      <class name="com.browserstack.BStackDemoTest">
        <test-method is-config="true" signature="setUp()[pri:0, instance:com.browserstack.BStackDemoTest@71e9a896]" started-at="2024-01-09T18:45:25 IST" name="setUp" finished-at="2024-01-09T18:45:36 IST" duration-ms="11106" status="PASS">
          <reporter-output>
          </reporter-output>
        </test-method> <!-- setUp -->
        <test-method signature="addProductToCart()[pri:0, instance:com.browserstack.BStackDemoTest@71e9a896]" started-at="2024-01-09T18:45:36 IST" name="addProductToCart" finished-at="2024-01-09T18:45:43 IST" duration-ms="6250" status="PASS">
          <reporter-output>
          </reporter-output>
        </test-method> <!-- addProductToCart -->
        <test-method is-config="true" signature="tearDown()[pri:0, instance:com.browserstack.BStackDemoTest@71e9a896]" started-at="2024-01-09T18:45:44 IST" name="tearDown" finished-at="2024-01-09T18:45:47 IST" duration-ms="2561" status="PASS">
          <reporter-output>
          </reporter-output>
        </test-method> <!-- tearDown -->
      </class> <!-- com.browserstack.BStackDemoTest -->
    </test> <!-- BStackDemo-0 -->
    <test started-at="2024-01-09T18:45:25 IST" name="BStackDemo-1" finished-at="2024-01-09T18:45:59 IST" duration-ms="33463">
      <class name="com.browserstack.BStackDemoTest">
        <test-method is-config="true" signature="setUp()[pri:0, instance:com.browserstack.BStackDemoTest@669253b7]" started-at="2024-01-09T18:45:25 IST" name="setUp" finished-at="2024-01-09T18:45:54 IST" duration-ms="28241" status="PASS">
          <reporter-output>
          </reporter-output>
        </test-method> <!-- setUp -->
        <test-method signature="addProductToCart()[pri:0, instance:com.browserstack.BStackDemoTest@669253b7]" started-at="2024-01-09T18:45:54 IST" name="addProductToCart" finished-at="2024-01-09T18:45:55 IST" duration-ms="1475" status="PASS">
          <reporter-output>
          </reporter-output>
        </test-method> <!-- addProductToCart -->
        <test-method is-config="true" signature="tearDown()[pri:0, instance:com.browserstack.BStackDemoTest@669253b7]" started-at="2024-01-09T18:45:55 IST" name="tearDown" finished-at="2024-01-09T18:45:59 IST" duration-ms="3626" status="PASS">
          <reporter-output>
          </reporter-output>
        </test-method> <!-- tearDown -->
      </class> <!-- com.browserstack.BStackDemoTest -->
    </test> <!-- BStackDemo-1 -->
  </suite> <!-- Cross-Platform -->
</testng-results>
